<?xml version="1.0" encoding="UTF-8"?>
<robot generator="Robot 6.1.1 (Python 3.11.4 on win32)" generated="20231009 15:07:36.933" rpa="false" schemaversion="4">
<suite id="s1" name="Project" source="c:\Users\vikiv\Desktop\1st module\website-testing\project.robot">
<test id="s1-t1" name="extra task2 - register" line="119">
<kw name="Open Browser" library="SeleniumLibrary">
<arg>http://jimms.fi</arg>
<arg>Chrome</arg>
<arg>options=add_experimental_option("detach", True)</arg>
<doc>Opens a new browser instance to the optional ``url``.</doc>
<msg timestamp="20231009 15:07:37.545" level="INFO">Opening browser 'Chrome' to base url 'http://jimms.fi'.</msg>
<status status="PASS" starttime="20231009 15:07:37.544" endtime="20231009 15:07:44.387"/>
</kw>
<kw name="Maximize Browser Window" library="SeleniumLibrary">
<doc>Maximizes current browser window.</doc>
<status status="PASS" starttime="20231009 15:07:44.391" endtime="20231009 15:07:45.445"/>
</kw>
<kw name="Sleep" library="BuiltIn">
<arg>1</arg>
<doc>Pauses the test executed for the given time.</doc>
<msg timestamp="20231009 15:07:46.447" level="INFO">Slept 1 second</msg>
<status status="PASS" starttime="20231009 15:07:45.446" endtime="20231009 15:07:46.448"/>
</kw>
<kw name="Click Element" library="SeleniumLibrary">
<arg>xpath:/html/body/header/div/div[3]/jim-customer-dropdown-nav/div/div/a</arg>
<doc>Click the element identified by ``locator``.</doc>
<msg timestamp="20231009 15:07:46.451" level="INFO">Clicking element 'xpath:/html/body/header/div/div[3]/jim-customer-dropdown-nav/div/div/a'.</msg>
<status status="PASS" starttime="20231009 15:07:46.449" endtime="20231009 15:07:47.593"/>
</kw>
<kw name="Reload Page" library="SeleniumLibrary">
<doc>Simulates user reloading page.</doc>
<status status="PASS" starttime="20231009 15:07:47.595" endtime="20231009 15:07:48.200"/>
</kw>
<kw name="Page Should Contain" library="SeleniumLibrary">
<arg>Uusi asiakas</arg>
<doc>Verifies that current page contains ``text``.</doc>
<msg timestamp="20231009 15:07:48.252" level="INFO">Current page contains text 'Uusi asiakas'.</msg>
<status status="PASS" starttime="20231009 15:07:48.201" endtime="20231009 15:07:48.253"/>
</kw>
<kw name="Select Radio Button" library="SeleniumLibrary">
<arg>selectedTab</arg>
<arg>private-tab-input</arg>
<doc>Sets the radio button group ``group_name`` to ``value``.</doc>
<msg timestamp="20231009 15:07:48.258" level="INFO">Selecting 'private-tab-input' from radio button 'selectedTab'.</msg>
<status status="PASS" starttime="20231009 15:07:48.257" endtime="20231009 15:07:48.438"/>
</kw>
<kw name="Click Element" library="SeleniumLibrary">
<arg>name:EmailAddress</arg>
<doc>Click the element identified by ``locator``.</doc>
<msg timestamp="20231009 15:07:48.441" level="INFO">Clicking element 'name:EmailAddress'.</msg>
<status status="PASS" starttime="20231009 15:07:48.440" endtime="20231009 15:07:48.576"/>
</kw>
<kw name="Input Text" library="SeleniumLibrary">
<arg>name:EmailAddress</arg>
<arg>mike.hunt@gmail.com</arg>
<doc>Types the given ``text`` into the text field identified by ``locator``.</doc>
<msg timestamp="20231009 15:07:48.578" level="INFO">Typing text 'mike.hunt@gmail.com' into text field 'name:EmailAddress'.</msg>
<status status="PASS" starttime="20231009 15:07:48.577" endtime="20231009 15:07:48.840"/>
</kw>
<kw name="Sleep" library="BuiltIn">
<arg>1</arg>
<doc>Pauses the test executed for the given time.</doc>
<msg timestamp="20231009 15:07:49.842" level="INFO">Slept 1 second</msg>
<status status="PASS" starttime="20231009 15:07:48.841" endtime="20231009 15:07:49.844"/>
</kw>
<kw name="Click Element" library="SeleniumLibrary">
<arg>xpath:/html/body/main/div/div[2]/div[2]/div/div/div/form/div[2]/input</arg>
<doc>Click the element identified by ``locator``.</doc>
<msg timestamp="20231009 15:07:49.852" level="INFO">Clicking element 'xpath:/html/body/main/div/div[2]/div[2]/div/div/div/form/div[2]/input'.</msg>
<status status="PASS" starttime="20231009 15:07:49.848" endtime="20231009 15:07:50.130"/>
</kw>
<kw name="Input Text" library="SeleniumLibrary">
<arg>xpath:/html/body/main/div/div[2]/div[2]/div/div/div/form/div[2]/input</arg>
<arg>test1</arg>
<doc>Types the given ``text`` into the text field identified by ``locator``.</doc>
<msg timestamp="20231009 15:07:50.139" level="INFO">Typing text 'test1' into text field 'xpath:/html/body/main/div/div[2]/div[2]/div/div/div/form/div[2]/input'.</msg>
<status status="PASS" starttime="20231009 15:07:50.133" endtime="20231009 15:07:50.479"/>
</kw>
<kw name="Click Element" library="SeleniumLibrary">
<arg>name:ConfirmPassword</arg>
<doc>Click the element identified by ``locator``.</doc>
<msg timestamp="20231009 15:07:50.485" level="INFO">Clicking element 'name:ConfirmPassword'.</msg>
<status status="PASS" starttime="20231009 15:07:50.482" endtime="20231009 15:07:50.727"/>
</kw>
<kw name="Input Text" library="SeleniumLibrary">
<arg>name:ConfirmPassword</arg>
<arg>test1</arg>
<doc>Types the given ``text`` into the text field identified by ``locator``.</doc>
<msg timestamp="20231009 15:07:50.734" level="INFO">Typing text 'test1' into text field 'name:ConfirmPassword'.</msg>
<status status="PASS" starttime="20231009 15:07:50.730" endtime="20231009 15:07:51.063"/>
</kw>
<kw name="Click Element" library="SeleniumLibrary">
<arg>name:FirstName</arg>
<doc>Click the element identified by ``locator``.</doc>
<msg timestamp="20231009 15:07:51.069" level="INFO">Clicking element 'name:FirstName'.</msg>
<status status="PASS" starttime="20231009 15:07:51.066" endtime="20231009 15:07:51.330"/>
</kw>
<kw name="Input Text" library="SeleniumLibrary">
<arg>name:FirstName</arg>
<arg>Mike</arg>
<doc>Types the given ``text`` into the text field identified by ``locator``.</doc>
<msg timestamp="20231009 15:07:51.338" level="INFO">Typing text 'Mike' into text field 'name:FirstName'.</msg>
<status status="PASS" starttime="20231009 15:07:51.335" endtime="20231009 15:07:51.648"/>
</kw>
<kw name="Click Element" library="SeleniumLibrary">
<arg>name:LastName</arg>
<doc>Click the element identified by ``locator``.</doc>
<msg timestamp="20231009 15:07:51.655" level="INFO">Clicking element 'name:LastName'.</msg>
<status status="PASS" starttime="20231009 15:07:51.651" endtime="20231009 15:07:51.982"/>
</kw>
<kw name="Input Text" library="SeleniumLibrary">
<arg>name:LastName</arg>
<arg>Hunt</arg>
<doc>Types the given ``text`` into the text field identified by ``locator``.</doc>
<msg timestamp="20231009 15:07:52.043" level="INFO">Typing text 'Hunt' into text field 'name:LastName'.</msg>
<status status="PASS" starttime="20231009 15:07:52.038" endtime="20231009 15:07:52.266"/>
</kw>
<kw name="Click Element" library="SeleniumLibrary">
<arg>name:Address</arg>
<doc>Click the element identified by ``locator``.</doc>
<msg timestamp="20231009 15:07:52.273" level="INFO">Clicking element 'name:Address'.</msg>
<msg timestamp="20231009 15:07:53.818" level="INFO" html="true">&lt;/td&gt;&lt;/tr&gt;&lt;tr&gt;&lt;td colspan="3"&gt;&lt;a href="selenium-screenshot-10.png"&gt;&lt;img src="selenium-screenshot-10.png" width="800px"&gt;&lt;/a&gt;</msg>
<msg timestamp="20231009 15:07:53.818" level="FAIL">ElementClickInterceptedException: Message: element click intercepted: Element is not clickable at point (759, 743)
  (Session info: chrome=117.0.5938.150)
Stacktrace:
	GetHandleVerifier [0x00007FF7811D7D32+55474]
	(No symbol) [0x00007FF7811477E2]
	(No symbol) [0x00007FF780FFE0EB]
	(No symbol) [0x00007FF781044E7B]
	(No symbol) [0x00007FF781043249]
	(No symbol) [0x00007FF781041018]
	(No symbol) [0x00007FF7810400D3]
	(No symbol) [0x00007FF781035DCF]
	(No symbol) [0x00007FF78105F15A]
	(No symbol) [0x00007FF7810356E6]
	(No symbol) [0x00007FF78105F370]
	(No symbol) [0x00007FF781077EF2]
	(No symbol) [0x00007FF78105EF33]
	(No symbol) [0x00007FF781033D41]
	(No symbol) [0x00007FF781034F84]
	GetHandleVerifier [0x00007FF78153B772+3609330]
	GetHandleVerifier [0x00007FF781591A90+3962384]
	GetHandleVerifier [0x00007FF781589F1F+3930783]
	GetHandleVerifier [0x00007FF781273CC6+694342]
	(No symbol) [0x00007FF781152238]
	(No symbol) [0x00007FF78114E4A4]
	(No symbol) [0x00007FF78114E5D2]
	(No symbol) [0x00007FF78113EE33]
	BaseThreadInitThunk [0x00007FFEC9D053E0+16]
	RtlUserThreadStart [0x00007FFECAEE485B+43]
</msg>
<status status="FAIL" starttime="20231009 15:07:52.269" endtime="20231009 15:07:53.833"/>
</kw>
<kw name="Input Text" library="SeleniumLibrary">
<arg>name:Address</arg>
<arg>Locaville 420</arg>
<doc>Types the given ``text`` into the text field identified by ``locator``.</doc>
<status status="NOT RUN" starttime="20231009 15:07:53.835" endtime="20231009 15:07:53.835"/>
</kw>
<kw name="Click Element" library="SeleniumLibrary">
<arg>name:PostalCode</arg>
<doc>Click the element identified by ``locator``.</doc>
<status status="NOT RUN" starttime="20231009 15:07:53.837" endtime="20231009 15:07:53.837"/>
</kw>
<kw name="Input Text" library="SeleniumLibrary">
<arg>name:PostalCode</arg>
<arg>420</arg>
<doc>Types the given ``text`` into the text field identified by ``locator``.</doc>
<status status="NOT RUN" starttime="20231009 15:07:53.839" endtime="20231009 15:07:53.839"/>
</kw>
<kw name="Click Element" library="SeleniumLibrary">
<arg>name:City</arg>
<doc>Click the element identified by ``locator``.</doc>
<status status="NOT RUN" starttime="20231009 15:07:53.840" endtime="20231009 15:07:53.841"/>
</kw>
<kw name="Input Text" library="SeleniumLibrary">
<arg>name:City</arg>
<arg>Locaville</arg>
<doc>Types the given ``text`` into the text field identified by ``locator``.</doc>
<status status="NOT RUN" starttime="20231009 15:07:53.842" endtime="20231009 15:07:53.843"/>
</kw>
<kw name="Click Element" library="SeleniumLibrary">
<arg>name:Phone</arg>
<doc>Click the element identified by ``locator``.</doc>
<status status="NOT RUN" starttime="20231009 15:07:53.844" endtime="20231009 15:07:53.844"/>
</kw>
<kw name="Input Text" library="SeleniumLibrary">
<arg>name:Phone</arg>
<arg>+358403456789</arg>
<doc>Types the given ``text`` into the text field identified by ``locator``.</doc>
<status status="NOT RUN" starttime="20231009 15:07:53.849" endtime="20231009 15:07:53.849"/>
</kw>
<kw name="Click Element" library="SeleniumLibrary">
<arg>xpath:/html/body/main/div/div[2]/div[2]/div/div/div/form/div[8]/div/input</arg>
<doc>Click the element identified by ``locator``.</doc>
<status status="NOT RUN" starttime="20231009 15:07:53.851" endtime="20231009 15:07:53.851"/>
</kw>
<kw name="Click Element" library="SeleniumLibrary">
<arg>xpath:/html/body/main/div/div[2]/div[2]/div/div/div/form/div[9]/input</arg>
<doc>Click the element identified by ``locator``.</doc>
<status status="NOT RUN" starttime="20231009 15:07:53.852" endtime="20231009 15:07:53.853"/>
</kw>
<status status="FAIL" starttime="20231009 15:07:37.542" endtime="20231009 15:07:53.854">ElementClickInterceptedException: Message: element click intercepted: Element is not clickable at point (759, 743)
  (Session info: chrome=117.0.5938.150)
Stacktrace:
	GetHandleVerifier [0x00007FF7811D7D32+55474]
	(No symbol) [0x00007FF7811477E2]
	(No symbol) [0x00007FF780FFE0EB]
	(No symbol) [0x00007FF781044E7B]
	(No symbol) [0x00007FF781043249]
	(No symbol) [0x00007FF781041018]
	(No symbol) [0x00007FF7810400D3]
	(No symbol) [0x00007FF781035DCF]
	(No symbol) [0x00007FF78105F15A]
	(No symbol) [0x00007FF7810356E6]
	(No symbol) [0x00007FF78105F370]
	(No symbol) [0x00007FF781077EF2]
	(No symbol) [0x00007FF78105EF33]
	(No symbol) [0x00007FF781033D41]
	(No symbol) [0x00007FF781034F84]
	GetHandleVerifier [0x00007FF78153B772+3609330]
	GetHandleVerifier [0x00007FF781591A90+3962384]
	GetHandleVerifier [0x00007FF781589F1F+3930783]
	GetHandleVerifier [0x00007FF781273CC6+694342]
	(No symbol) [0x00007FF781152238]
	(No symbol) [0x00007FF78114E4A4]
	(No symbol) [0x00007FF78114E5D2]
	(No symbol) [0x00007FF78113EE33]
	BaseThreadInitThunk [0x00007FFEC9D053E0+16]
	RtlUserThreadStart [0x00007FFECAEE485B+43]
</status>
</test>
<status status="FAIL" starttime="20231009 15:07:36.945" endtime="20231009 15:07:53.866"/>
</suite>
<statistics>
<total>
<stat pass="0" fail="1" skip="0">All Tests</stat>
</total>
<tag>
</tag>
<suite>
<stat pass="0" fail="1" skip="0" id="s1" name="Project">Project</stat>
</suite>
</statistics>
<errors>
</errors>
</robot>
